<?xml version="1.0" encoding="UTF-8"?>
<!-- Generated by org.testng.reporters.JUnitReportReporter -->
<testsuite skipped="0" hostname="AHADUJJAMAN" name="s.RunnerTest.FedRunner$RunCucumberTest" tests="1" failures="0" timestamp="2021-01-12T20:31:46 EST" time="15.035" errors="0">
  <testcase name="runScenario" time="15.035" classname="s.RunnerTest.FedRunner$RunCucumberTest"/>
  <system-out/>
</testsuite> <!-- s.RunnerTest.FedRunner$RunCucumberTest -->
