<?xml version="1.0" encoding="UTF-8"?>
<testsuite xmlns:xsi="http://www.w3.org/2001/XMLSchema-instance" xsi:noNamespaceSchemaLocation="https://maven.apache.org/surefire/maven-surefire-plugin/xsd/surefire-test-report-3.0.xsd" version="3.0" name="fedex.RunnerTest.FedExRunner" time="272.318" tests="7" errors="0" skipped="0" failures="1">
  <properties>
    <property name="sun.desktop" value="windows"/>
    <property name="awt.toolkit" value="sun.awt.windows.WToolkit"/>
    <property name="file.encoding.pkg" value="sun.io"/>
    <property name="java.specification.version" value="1.8"/>
    <property name="webdriver.chrome.driver" value="C:\Users\RONY\.cache\selenium\chromedriver\win32\87.0.4280.88\chromedriver.exe"/>
    <property name="sun.cpu.isalist" value="amd64"/>
    <property name="sun.jnu.encoding" value="Cp1252"/>
    <property name="java.class.path" value="E:\TALEN TECH\Talentec Works\FedExProjectFN\target\test-classes;E:\TALEN TECH\Talentec Works\FedExProjectFN\target\classes;C:\Users\RONY\.m2\repository\org\seleniumhq\selenium\selenium-java\3.141.59\selenium-java-3.141.59.jar;C:\Users\RONY\.m2\repository\org\seleniumhq\selenium\selenium-api\3.141.59\selenium-api-3.141.59.jar;C:\Users\RONY\.m2\repository\org\seleniumhq\selenium\selenium-chrome-driver\3.141.59\selenium-chrome-driver-3.141.59.jar;C:\Users\RONY\.m2\repository\org\seleniumhq\selenium\selenium-edge-driver\3.141.59\selenium-edge-driver-3.141.59.jar;C:\Users\RONY\.m2\repository\org\seleniumhq\selenium\selenium-firefox-driver\3.141.59\selenium-firefox-driver-3.141.59.jar;C:\Users\RONY\.m2\repository\org\seleniumhq\selenium\selenium-ie-driver\3.141.59\selenium-ie-driver-3.141.59.jar;C:\Users\RONY\.m2\repository\org\seleniumhq\selenium\selenium-opera-driver\3.141.59\selenium-opera-driver-3.141.59.jar;C:\Users\RONY\.m2\repository\org\seleniumhq\selenium\selenium-remote-driver\3.141.59\selenium-remote-driver-3.141.59.jar;C:\Users\RONY\.m2\repository\org\seleniumhq\selenium\selenium-safari-driver\3.141.59\selenium-safari-driver-3.141.59.jar;C:\Users\RONY\.m2\repository\org\seleniumhq\selenium\selenium-support\3.141.59\selenium-support-3.141.59.jar;C:\Users\RONY\.m2\repository\net\bytebuddy\byte-buddy\1.8.15\byte-buddy-1.8.15.jar;C:\Users\RONY\.m2\repository\org\apache\commons\commons-exec\1.3\commons-exec-1.3.jar;C:\Users\RONY\.m2\repository\com\google\guava\guava\25.0-jre\guava-25.0-jre.jar;C:\Users\RONY\.m2\repository\com\google\code\findbugs\jsr305\1.3.9\jsr305-1.3.9.jar;C:\Users\RONY\.m2\repository\org\checkerframework\checker-compat-qual\2.0.0\checker-compat-qual-2.0.0.jar;C:\Users\RONY\.m2\repository\com\google\errorprone\error_prone_annotations\2.1.3\error_prone_annotations-2.1.3.jar;C:\Users\RONY\.m2\repository\com\google\j2objc\j2objc-annotations\1.1\j2objc-annotations-1.1.jar;C:\Users\RONY\.m2\repository\org\codehaus\mojo\animal-sniffer-annotations\1.14\animal-sniffer-annotations-1.14.jar;C:\Users\RONY\.m2\repository\com\squareup\okhttp3\okhttp\3.11.0\okhttp-3.11.0.jar;C:\Users\RONY\.m2\repository\com\squareup\okio\okio\1.14.0\okio-1.14.0.jar;C:\Users\RONY\.m2\repository\org\testng\testng\7.3.0\testng-7.3.0.jar;C:\Users\RONY\.m2\repository\com\beust\jcommander\1.78\jcommander-1.78.jar;C:\Users\RONY\.m2\repository\org\apache\ant\ant\1.10.3\ant-1.10.3.jar;C:\Users\RONY\.m2\repository\org\apache\ant\ant-launcher\1.10.3\ant-launcher-1.10.3.jar;C:\Users\RONY\.m2\repository\junit\junit\4.12\junit-4.12.jar;C:\Users\RONY\.m2\repository\org\hamcrest\hamcrest-core\1.3\hamcrest-core-1.3.jar;C:\Users\RONY\.m2\repository\com\google\inject\guice\4.2.2\guice-4.2.2-no_aop.jar;C:\Users\RONY\.m2\repository\javax\inject\javax.inject\1\javax.inject-1.jar;C:\Users\RONY\.m2\repository\aopalliance\aopalliance\1.0\aopalliance-1.0.jar;C:\Users\RONY\.m2\repository\org\yaml\snakeyaml\1.21\snakeyaml-1.21.jar;C:\Users\RONY\.m2\repository\io\github\bonigarcia\webdrivermanager\4.2.2\webdrivermanager-4.2.2.jar;C:\Users\RONY\.m2\repository\org\slf4j\slf4j-api\1.7.30\slf4j-api-1.7.30.jar;C:\Users\RONY\.m2\repository\commons-io\commons-io\2.8.0\commons-io-2.8.0.jar;C:\Users\RONY\.m2\repository\com\google\code\gson\gson\2.8.6\gson-2.8.6.jar;C:\Users\RONY\.m2\repository\org\apache\commons\commons-lang3\3.11\commons-lang3-3.11.jar;C:\Users\RONY\.m2\repository\org\apache\httpcomponents\client5\httpclient5\5.0.1\httpclient5-5.0.1.jar;C:\Users\RONY\.m2\repository\org\apache\httpcomponents\core5\httpcore5\5.0.1\httpcore5-5.0.1.jar;C:\Users\RONY\.m2\repository\org\apache\httpcomponents\core5\httpcore5-h2\5.0.1\httpcore5-h2-5.0.1.jar;C:\Users\RONY\.m2\repository\commons-codec\commons-codec\1.13\commons-codec-1.13.jar;C:\Users\RONY\.m2\repository\org\rauschig\jarchivelib\1.1.0\jarchivelib-1.1.0.jar;C:\Users\RONY\.m2\repository\org\apache\commons\commons-compress\1.20\commons-compress-1.20.jar;C:\Users\RONY\.m2\repository\org\jsoup\jsoup\1.13.1\jsoup-1.13.1.jar;C:\Users\RONY\.m2\repository\io\cucumber\cucumber-java\5.7.0\cucumber-java-5.7.0.jar;C:\Users\RONY\.m2\repository\org\apiguardian\apiguardian-api\1.1.0\apiguardian-api-1.1.0.jar;C:\Users\RONY\.m2\repository\io\cucumber\cucumber-core\5.7.0\cucumber-core-5.7.0.jar;C:\Users\RONY\.m2\repository\io\cucumber\cucumber-gherkin\5.7.0\cucumber-gherkin-5.7.0.jar;C:\Users\RONY\.m2\repository\io\cucumber\cucumber-gherkin-vintage\5.7.0\cucumber-gherkin-vintage-5.7.0.jar;C:\Users\RONY\.m2\repository\io\cucumber\tag-expressions\2.0.4\tag-expressions-2.0.4.jar;C:\Users\RONY\.m2\repository\io\cucumber\cucumber-expressions\8.3.1\cucumber-expressions-8.3.1.jar;C:\Users\RONY\.m2\repository\io\cucumber\datatable\3.3.1\datatable-3.3.1.jar;C:\Users\RONY\.m2\repository\io\cucumber\cucumber-plugin\5.7.0\cucumber-plugin-5.7.0.jar;C:\Users\RONY\.m2\repository\io\cucumber\docstring\5.7.0\docstring-5.7.0.jar;C:\Users\RONY\.m2\repository\io\cucumber\cucumber-testng\5.7.0\cucumber-testng-5.7.0.jar;C:\Users\RONY\.m2\repository\io\cucumber\cucumber-jvm-deps\1.0.6\cucumber-jvm-deps-1.0.6.jar;C:\Users\RONY\.m2\repository\io\cucumber\gherkin\13.0.0\gherkin-13.0.0.jar;C:\Users\RONY\.m2\repository\io\cucumber\messages\12.0.0\messages-12.0.0.jar;C:\Users\RONY\.m2\repository\com\aventstack\extentreports\5.0.1\extentreports-5.0.1.jar;C:\Users\RONY\.m2\repository\io\reactivex\rxjava3\rxjava\3.0.4\rxjava-3.0.4.jar;C:\Users\RONY\.m2\repository\org\reactivestreams\reactive-streams\1.0.3\reactive-streams-1.0.3.jar;C:\Users\RONY\.m2\repository\org\freemarker\freemarker\2.3.30\freemarker-2.3.30.jar;C:\Users\RONY\.m2\repository\org\projectlombok\lombok\1.18.12\lombok-1.18.12.jar;C:\Users\RONY\.m2\repository\tech\grasshopper\extentreports-cucumber5-adapter\2.6.0\extentreports-cucumber5-adapter-2.6.0.jar;C:\Users\RONY\.m2\repository\com\aventstack\klov-reporter\5.0.5\klov-reporter-5.0.5.jar;C:\Users\RONY\.m2\repository\org\mongodb\bson\3.6.4\bson-3.6.4.jar;C:\Users\RONY\.m2\repository\org\apache\httpcomponents\httpclient\4.5.2\httpclient-4.5.2.jar;C:\Users\RONY\.m2\repository\org\apache\httpcomponents\httpcore\4.4.4\httpcore-4.4.4.jar;C:\Users\RONY\.m2\repository\commons-logging\commons-logging\1.2\commons-logging-1.2.jar;C:\Users\RONY\.m2\repository\org\apache\httpcomponents\httpmime\4.5.2\httpmime-4.5.2.jar;C:\Users\RONY\.m2\repository\tech\grasshopper\extent-pdf-report\1.5.0\extent-pdf-report-1.5.0.jar;C:\Users\RONY\.m2\repository\tech\grasshopper\cucumber-pdf-report\1.7.0\cucumber-pdf-report-1.7.0.jar;C:\Users\RONY\.m2\repository\org\apache\pdfbox\pdfbox\2.0.21\pdfbox-2.0.21.jar;C:\Users\RONY\.m2\repository\org\apache\pdfbox\fontbox\2.0.21\fontbox-2.0.21.jar;C:\Users\RONY\.m2\repository\org\knowm\xchart\xchart\3.6.5\xchart-3.6.5.jar;C:\Users\RONY\.m2\repository\de\erichseifert\vectorgraphics2d\VectorGraphics2D\0.13\VectorGraphics2D-0.13.jar;C:\Users\RONY\.m2\repository\de\rototor\pdfbox\graphics2d\0.27\graphics2d-0.27.jar;C:\Users\RONY\.m2\repository\com\madgag\animated-gif-lib\1.4\animated-gif-lib-1.4.jar;C:\Users\RONY\.m2\repository\com\github\vandeseer\easytable\0.7.1\easytable-0.7.1.jar;C:\Users\RONY\.m2\repository\com\github\ralfstuckert\pdfbox-layout\pdfbox2-layout\1.0.0\pdfbox2-layout-1.0.0.jar;C:\Users\RONY\.m2\repository\org\mongodb\mongodb-driver\3.3.0\mongodb-driver-3.3.0.jar;C:\Users\RONY\.m2\repository\org\mongodb\mongodb-driver-core\3.3.0\mongodb-driver-core-3.3.0.jar;"/>
    <property name="java.vm.vendor" value="Oracle Corporation"/>
    <property name="sun.arch.data.model" value="64"/>
    <property name="user.variant" value=""/>
    <property name="java.vendor.url" value="http://java.oracle.com/"/>
    <property name="user.timezone" value="America/New_York"/>
    <property name="java.vm.specification.version" value="1.8"/>
    <property name="os.name" value="Windows 10"/>
    <property name="user.country" value="US"/>
    <property name="sun.java.launcher" value="SUN_STANDARD"/>
    <property name="sun.boot.library.path" value="C:\Program Files\Java\jdk1.8.0_111\jre\bin"/>
    <property name="sun.java.command" value="C:\Users\RONY\AppData\Local\Temp\surefire5451833743346947597\surefirebooter5084404763509228674.jar C:\Users\RONY\AppData\Local\Temp\surefire5451833743346947597 2021-01-14T18-53-57_021-jvmRun1 surefire3553817491427121753tmp surefire_04736411528169945523tmp"/>
    <property name="surefire.test.class.path" value="E:\TALEN TECH\Talentec Works\FedExProjectFN\target\test-classes;E:\TALEN TECH\Talentec Works\FedExProjectFN\target\classes;C:\Users\RONY\.m2\repository\org\seleniumhq\selenium\selenium-java\3.141.59\selenium-java-3.141.59.jar;C:\Users\RONY\.m2\repository\org\seleniumhq\selenium\selenium-api\3.141.59\selenium-api-3.141.59.jar;C:\Users\RONY\.m2\repository\org\seleniumhq\selenium\selenium-chrome-driver\3.141.59\selenium-chrome-driver-3.141.59.jar;C:\Users\RONY\.m2\repository\org\seleniumhq\selenium\selenium-edge-driver\3.141.59\selenium-edge-driver-3.141.59.jar;C:\Users\RONY\.m2\repository\org\seleniumhq\selenium\selenium-firefox-driver\3.141.59\selenium-firefox-driver-3.141.59.jar;C:\Users\RONY\.m2\repository\org\seleniumhq\selenium\selenium-ie-driver\3.141.59\selenium-ie-driver-3.141.59.jar;C:\Users\RONY\.m2\repository\org\seleniumhq\selenium\selenium-opera-driver\3.141.59\selenium-opera-driver-3.141.59.jar;C:\Users\RONY\.m2\repository\org\seleniumhq\selenium\selenium-remote-driver\3.141.59\selenium-remote-driver-3.141.59.jar;C:\Users\RONY\.m2\repository\org\seleniumhq\selenium\selenium-safari-driver\3.141.59\selenium-safari-driver-3.141.59.jar;C:\Users\RONY\.m2\repository\org\seleniumhq\selenium\selenium-support\3.141.59\selenium-support-3.141.59.jar;C:\Users\RONY\.m2\repository\net\bytebuddy\byte-buddy\1.8.15\byte-buddy-1.8.15.jar;C:\Users\RONY\.m2\repository\org\apache\commons\commons-exec\1.3\commons-exec-1.3.jar;C:\Users\RONY\.m2\repository\com\google\guava\guava\25.0-jre\guava-25.0-jre.jar;C:\Users\RONY\.m2\repository\com\google\code\findbugs\jsr305\1.3.9\jsr305-1.3.9.jar;C:\Users\RONY\.m2\repository\org\checkerframework\checker-compat-qual\2.0.0\checker-compat-qual-2.0.0.jar;C:\Users\RONY\.m2\repository\com\google\errorprone\error_prone_annotations\2.1.3\error_prone_annotations-2.1.3.jar;C:\Users\RONY\.m2\repository\com\google\j2objc\j2objc-annotations\1.1\j2objc-annotations-1.1.jar;C:\Users\RONY\.m2\repository\org\codehaus\mojo\animal-sniffer-annotations\1.14\animal-sniffer-annotations-1.14.jar;C:\Users\RONY\.m2\repository\com\squareup\okhttp3\okhttp\3.11.0\okhttp-3.11.0.jar;C:\Users\RONY\.m2\repository\com\squareup\okio\okio\1.14.0\okio-1.14.0.jar;C:\Users\RONY\.m2\repository\org\testng\testng\7.3.0\testng-7.3.0.jar;C:\Users\RONY\.m2\repository\com\beust\jcommander\1.78\jcommander-1.78.jar;C:\Users\RONY\.m2\repository\org\apache\ant\ant\1.10.3\ant-1.10.3.jar;C:\Users\RONY\.m2\repository\org\apache\ant\ant-launcher\1.10.3\ant-launcher-1.10.3.jar;C:\Users\RONY\.m2\repository\junit\junit\4.12\junit-4.12.jar;C:\Users\RONY\.m2\repository\org\hamcrest\hamcrest-core\1.3\hamcrest-core-1.3.jar;C:\Users\RONY\.m2\repository\com\google\inject\guice\4.2.2\guice-4.2.2-no_aop.jar;C:\Users\RONY\.m2\repository\javax\inject\javax.inject\1\javax.inject-1.jar;C:\Users\RONY\.m2\repository\aopalliance\aopalliance\1.0\aopalliance-1.0.jar;C:\Users\RONY\.m2\repository\org\yaml\snakeyaml\1.21\snakeyaml-1.21.jar;C:\Users\RONY\.m2\repository\io\github\bonigarcia\webdrivermanager\4.2.2\webdrivermanager-4.2.2.jar;C:\Users\RONY\.m2\repository\org\slf4j\slf4j-api\1.7.30\slf4j-api-1.7.30.jar;C:\Users\RONY\.m2\repository\commons-io\commons-io\2.8.0\commons-io-2.8.0.jar;C:\Users\RONY\.m2\repository\com\google\code\gson\gson\2.8.6\gson-2.8.6.jar;C:\Users\RONY\.m2\repository\org\apache\commons\commons-lang3\3.11\commons-lang3-3.11.jar;C:\Users\RONY\.m2\repository\org\apache\httpcomponents\client5\httpclient5\5.0.1\httpclient5-5.0.1.jar;C:\Users\RONY\.m2\repository\org\apache\httpcomponents\core5\httpcore5\5.0.1\httpcore5-5.0.1.jar;C:\Users\RONY\.m2\repository\org\apache\httpcomponents\core5\httpcore5-h2\5.0.1\httpcore5-h2-5.0.1.jar;C:\Users\RONY\.m2\repository\commons-codec\commons-codec\1.13\commons-codec-1.13.jar;C:\Users\RONY\.m2\repository\org\rauschig\jarchivelib\1.1.0\jarchivelib-1.1.0.jar;C:\Users\RONY\.m2\repository\org\apache\commons\commons-compress\1.20\commons-compress-1.20.jar;C:\Users\RONY\.m2\repository\org\jsoup\jsoup\1.13.1\jsoup-1.13.1.jar;C:\Users\RONY\.m2\repository\io\cucumber\cucumber-java\5.7.0\cucumber-java-5.7.0.jar;C:\Users\RONY\.m2\repository\org\apiguardian\apiguardian-api\1.1.0\apiguardian-api-1.1.0.jar;C:\Users\RONY\.m2\repository\io\cucumber\cucumber-core\5.7.0\cucumber-core-5.7.0.jar;C:\Users\RONY\.m2\repository\io\cucumber\cucumber-gherkin\5.7.0\cucumber-gherkin-5.7.0.jar;C:\Users\RONY\.m2\repository\io\cucumber\cucumber-gherkin-vintage\5.7.0\cucumber-gherkin-vintage-5.7.0.jar;C:\Users\RONY\.m2\repository\io\cucumber\tag-expressions\2.0.4\tag-expressions-2.0.4.jar;C:\Users\RONY\.m2\repository\io\cucumber\cucumber-expressions\8.3.1\cucumber-expressions-8.3.1.jar;C:\Users\RONY\.m2\repository\io\cucumber\datatable\3.3.1\datatable-3.3.1.jar;C:\Users\RONY\.m2\repository\io\cucumber\cucumber-plugin\5.7.0\cucumber-plugin-5.7.0.jar;C:\Users\RONY\.m2\repository\io\cucumber\docstring\5.7.0\docstring-5.7.0.jar;C:\Users\RONY\.m2\repository\io\cucumber\cucumber-testng\5.7.0\cucumber-testng-5.7.0.jar;C:\Users\RONY\.m2\repository\io\cucumber\cucumber-jvm-deps\1.0.6\cucumber-jvm-deps-1.0.6.jar;C:\Users\RONY\.m2\repository\io\cucumber\gherkin\13.0.0\gherkin-13.0.0.jar;C:\Users\RONY\.m2\repository\io\cucumber\messages\12.0.0\messages-12.0.0.jar;C:\Users\RONY\.m2\repository\com\aventstack\extentreports\5.0.1\extentreports-5.0.1.jar;C:\Users\RONY\.m2\repository\io\reactivex\rxjava3\rxjava\3.0.4\rxjava-3.0.4.jar;C:\Users\RONY\.m2\repository\org\reactivestreams\reactive-streams\1.0.3\reactive-streams-1.0.3.jar;C:\Users\RONY\.m2\repository\org\freemarker\freemarker\2.3.30\freemarker-2.3.30.jar;C:\Users\RONY\.m2\repository\org\projectlombok\lombok\1.18.12\lombok-1.18.12.jar;C:\Users\RONY\.m2\repository\tech\grasshopper\extentreports-cucumber5-adapter\2.6.0\extentreports-cucumber5-adapter-2.6.0.jar;C:\Users\RONY\.m2\repository\com\aventstack\klov-reporter\5.0.5\klov-reporter-5.0.5.jar;C:\Users\RONY\.m2\repository\org\mongodb\bson\3.6.4\bson-3.6.4.jar;C:\Users\RONY\.m2\repository\org\apache\httpcomponents\httpclient\4.5.2\httpclient-4.5.2.jar;C:\Users\RONY\.m2\repository\org\apache\httpcomponents\httpcore\4.4.4\httpcore-4.4.4.jar;C:\Users\RONY\.m2\repository\commons-logging\commons-logging\1.2\commons-logging-1.2.jar;C:\Users\RONY\.m2\repository\org\apache\httpcomponents\httpmime\4.5.2\httpmime-4.5.2.jar;C:\Users\RONY\.m2\repository\tech\grasshopper\extent-pdf-report\1.5.0\extent-pdf-report-1.5.0.jar;C:\Users\RONY\.m2\repository\tech\grasshopper\cucumber-pdf-report\1.7.0\cucumber-pdf-report-1.7.0.jar;C:\Users\RONY\.m2\repository\org\apache\pdfbox\pdfbox\2.0.21\pdfbox-2.0.21.jar;C:\Users\RONY\.m2\repository\org\apache\pdfbox\fontbox\2.0.21\fontbox-2.0.21.jar;C:\Users\RONY\.m2\repository\org\knowm\xchart\xchart\3.6.5\xchart-3.6.5.jar;C:\Users\RONY\.m2\repository\de\erichseifert\vectorgraphics2d\VectorGraphics2D\0.13\VectorGraphics2D-0.13.jar;C:\Users\RONY\.m2\repository\de\rototor\pdfbox\graphics2d\0.27\graphics2d-0.27.jar;C:\Users\RONY\.m2\repository\com\madgag\animated-gif-lib\1.4\animated-gif-lib-1.4.jar;C:\Users\RONY\.m2\repository\com\github\vandeseer\easytable\0.7.1\easytable-0.7.1.jar;C:\Users\RONY\.m2\repository\com\github\ralfstuckert\pdfbox-layout\pdfbox2-layout\1.0.0\pdfbox2-layout-1.0.0.jar;C:\Users\RONY\.m2\repository\org\mongodb\mongodb-driver\3.3.0\mongodb-driver-3.3.0.jar;C:\Users\RONY\.m2\repository\org\mongodb\mongodb-driver-core\3.3.0\mongodb-driver-core-3.3.0.jar;"/>
    <property name="sun.cpu.endian" value="little"/>
    <property name="user.home" value="C:\Users\RONY"/>
    <property name="user.language" value="en"/>
    <property name="java.specification.vendor" value="Oracle Corporation"/>
    <property name="java.home" value="C:\Program Files\Java\jdk1.8.0_111\jre"/>
    <property name="basedir" value="E:\TALEN TECH\Talentec Works\FedExProjectFN"/>
    <property name="file.separator" value="\"/>
    <property name="line.separator" value="&#10;"/>
    <property name="java.vm.specification.vendor" value="Oracle Corporation"/>
    <property name="java.specification.name" value="Java Platform API Specification"/>
    <property name="java.awt.graphicsenv" value="sun.awt.Win32GraphicsEnvironment"/>
    <property name="surefire.real.class.path" value="C:\Users\RONY\AppData\Local\Temp\surefire5451833743346947597\surefirebooter5084404763509228674.jar"/>
    <property name="sun.boot.class.path" value="C:\Program Files\Java\jdk1.8.0_111\jre\lib\resources.jar;C:\Program Files\Java\jdk1.8.0_111\jre\lib\rt.jar;C:\Program Files\Java\jdk1.8.0_111\jre\lib\sunrsasign.jar;C:\Program Files\Java\jdk1.8.0_111\jre\lib\jsse.jar;C:\Program Files\Java\jdk1.8.0_111\jre\lib\jce.jar;C:\Program Files\Java\jdk1.8.0_111\jre\lib\charsets.jar;C:\Program Files\Java\jdk1.8.0_111\jre\lib\jfr.jar;C:\Program Files\Java\jdk1.8.0_111\jre\classes"/>
    <property name="user.script" value=""/>
    <property name="sun.management.compiler" value="HotSpot 64-Bit Tiered Compilers"/>
    <property name="java.runtime.version" value="1.8.0_111-b14"/>
    <property name="user.name" value="RONY"/>
    <property name="path.separator" value=";"/>
    <property name="os.version" value="10.0"/>
    <property name="java.endorsed.dirs" value="C:\Program Files\Java\jdk1.8.0_111\jre\lib\endorsed"/>
    <property name="java.runtime.name" value="Java(TM) SE Runtime Environment"/>
    <property name="file.encoding" value="Cp1252"/>
    <property name="java.vm.name" value="Java HotSpot(TM) 64-Bit Server VM"/>
    <property name="localRepository" value="C:\Users\RONY\.m2\repository"/>
    <property name="java.vendor.url.bug" value="http://bugreport.sun.com/bugreport/"/>
    <property name="java.io.tmpdir" value="C:\Users\RONY\AppData\Local\Temp\"/>
    <property name="java.version" value="1.8.0_111"/>
    <property name="user.dir" value="E:\TALEN TECH\Talentec Works\FedExProjectFN"/>
    <property name="os.arch" value="amd64"/>
    <property name="java.vm.specification.name" value="Java Virtual Machine Specification"/>
    <property name="java.awt.printerjob" value="sun.awt.windows.WPrinterJob"/>
    <property name="sun.os.patch.level" value=""/>
    <property name="java.library.path" value="C:\Program Files\Java\jdk1.8.0_111\jre\bin;C:\WINDOWS\Sun\Java\bin;C:\WINDOWS\system32;C:\WINDOWS;C:/Program Files/Java/jre1.8.0_111/bin/server;C:/Program Files/Java/jre1.8.0_111/bin;C:/Program Files/Java/jre1.8.0_111/lib/amd64;F:\app\oracle\product\11.2.0\server\bin;;C:\ProgramData\Oracle\Java\javapath;C:\WINDOWS\system32;C:\WINDOWS;C:\WINDOWS\System32\Wbem;C:\WINDOWS\System32\WindowsPowerShell\v1.0\;C:\WINDOWS\System32\OpenSSH\;C:\Program Files\Java\jdk1.8.0_111\bin;F:\app\oracle\product\11.2.0\server\bin;;C:\ProgramData\Oracle\Java\javapath;C:\WINDOWS\system32;C:\WINDOWS;C:\WINDOWS\System32\Wbem;C:\WINDOWS\System32\WindowsPowerShell\v1.0\;C:\WINDOWS\System32\OpenSSH\;C:\Program Files\Java\jdk1.8.0_111\bin;C:\Program Files\Java\jdk1.8.0_111\bin;C:\Users\RONY\AppData\Local\Microsoft\WindowsApps;%DASHLANE_DLL_DIR%;;C:\WINDOWS\System32;;."/>
    <property name="java.vm.info" value="mixed mode"/>
    <property name="java.vendor" value="Oracle Corporation"/>
    <property name="java.vm.version" value="25.111-b14"/>
    <property name="java.ext.dirs" value="C:\Program Files\Java\jdk1.8.0_111\jre\lib\ext;C:\WINDOWS\Sun\Java\lib\ext"/>
    <property name="sun.io.unicode.encoding" value="UnicodeLittle"/>
    <property name="java.class.version" value="52.0"/>
  </properties>
  <testcase name="runScenario[&quot;As a user , I can see cupon pdf file&quot;, &quot;verify Cupon pdf feature&quot;](1)" classname="fedex.RunnerTest.FedExRunner$RunCucumberTest" time="91.489">
    <system-out><![CDATA[
@Sanity
Scenario: As a user , I can see cupon pdf file                     # src/test/resources/Features/CoupnPDF.feature:4
..Chrome Driver initialization..
..Chrome Driver initialized..
scen.getName()
  Given user navigate the url of fedex                             # fedex.StepDefinition.CouponPdfStepDef.user_navigate_the_url_of_fedex()
  When click on print and design menu , select get cupon and deals # fedex.StepDefinition.CouponPdfStepDef.click_on_print_and_design_menu_select_get_cupon_and_deals()
  And click on get cupon button                                    # fedex.StepDefinition.CouponPdfStepDef.click_on_get_cupon_button()
..Test End..
..Closing Chrome Browser Starts..
..Closing Chrome Browser End..
]]></system-out>
    <system-err><![CDATA[Jan 14, 2021 6:54:05 PM io.cucumber.testng.TestNGCucumberRunner <init>
WARNING: By default Cucumber is running in --non-strict mode.
This default will change to --strict and --non-strict will be removed.
You can use --strict or @CucumberOptions(strict = true) to suppress this warning
SLF4J: Failed to load class "org.slf4j.impl.StaticLoggerBinder".
SLF4J: Defaulting to no-operation (NOP) logger implementation
SLF4J: See http://www.slf4j.org/codes.html#StaticLoggerBinder for further details.
Starting ChromeDriver 87.0.4280.88 (89e2380a3e36c3464b5dd1302349b1382549290d-refs/branch-heads/4280@{#1761}) on port 35419
Only local connections are allowed.
Please see https://chromedriver.chromium.org/security-considerations for suggestions on keeping ChromeDriver safe.
ChromeDriver was started successfully.
Jan 14, 2021 6:54:52 PM org.openqa.selenium.remote.ProtocolHandshake createSession
INFO: Detected dialect: W3C
]]></system-err>
  </testcase>
  <testcase name="runScenario[&quot;As a user , I can verify profile after create a print profile&quot;, &quot;Verify create a print profile&quot;](2)" classname="fedex.RunnerTest.FedExRunner$RunCucumberTest" time="37.059">
    <system-out><![CDATA[
@Sanity
Scenario: As a user , I can verify profile after create a print profile                                                 # src/test/resources/Features/CreatePrintProfile.feature:4
..Chrome Driver initialization..
..Chrome Driver initialized..
scen.getName()
  Given user navigate the url                                                                                           # fedex.StepDefinition.CreatePrintProfileStepDef.user_navigate_the_url()
  When click on print and design menu , select custom design template                                                   # fedex.StepDefinition.CreatePrintProfileStepDef.click_on_print_and_design_menu_select_custom_design_template()
  And click on sign up or log in , click on create a print profile link                                                 # fedex.StepDefinition.CreatePrintProfileStepDef.click_on_sign_up_or_log_in_click_on_create_a_print_profile_link()
  And enter first name , last name , email , phone number , user id ,password , confirm password ,check on terms of use # fedex.StepDefinition.CreatePrintProfileStepDef.enter_first_name_last_name_email_phone_number_user_id_password_confirm_password_check_on_terms_of_use()
  And click on submit button                                                                                            # fedex.StepDefinition.CreatePrintProfileStepDef.click_on_submit_button()
..Test End..
..Closing Chrome Browser Starts..
..Closing Chrome Browser End..
]]></system-out>
    <system-err><![CDATA[Starting ChromeDriver 87.0.4280.88 (89e2380a3e36c3464b5dd1302349b1382549290d-refs/branch-heads/4280@{#1761}) on port 15763
Only local connections are allowed.
Please see https://chromedriver.chromium.org/security-considerations for suggestions on keeping ChromeDriver safe.
ChromeDriver was started successfully.
Jan 14, 2021 6:55:49 PM org.openqa.selenium.remote.ProtocolHandshake createSession
INFO: Detected dialect: W3C
]]></system-err>
  </testcase>
  <testcase name="runScenario[&quot;As a user I should be able change Language as I need&quot;, &quot;Verify Language Chnage&quot;](3)" classname="fedex.RunnerTest.FedExRunner$RunCucumberTest" time="19.848">
    <system-out><![CDATA[
@Sanity
Scenario: As a user I should be able change Language as I need # src/test/resources/Features/Language.feature:4
..Chrome Driver initialization..
..Chrome Driver initialized..
scen.getName()
  Given customer is in homepage                                # fedex.StepDefinition.LanguageStepDef.customer_is_in_homepage()
  When scroll end of the page and click on language            # fedex.StepDefinition.LanguageStepDef.scroll_end_of_the_page_and_click_on_language()
  And select espaniol                                          # fedex.StepDefinition.LanguageStepDef.select_espaniol()
  Then displayed spanish language                              # fedex.StepDefinition.LanguageStepDef.displayed_spanish_language()
..Test End..
..Closing Chrome Browser Starts..
..Closing Chrome Browser End..
]]></system-out>
    <system-err><![CDATA[Starting ChromeDriver 87.0.4280.88 (89e2380a3e36c3464b5dd1302349b1382549290d-refs/branch-heads/4280@{#1761}) on port 3938
Only local connections are allowed.
Please see https://chromedriver.chromium.org/security-considerations for suggestions on keeping ChromeDriver safe.
ChromeDriver was started successfully.
Jan 14, 2021 6:56:20 PM org.openqa.selenium.remote.ProtocolHandshake createSession
INFO: Detected dialect: W3C
]]></system-err>
  </testcase>
  <testcase name="runScenario[&quot;As a user , I can able to go back from about page to hame page&quot;, &quot;Verify navigate back and forth among pages&quot;](4)" classname="fedex.RunnerTest.FedExRunner$RunCucumberTest" time="33.829">
    <system-out><![CDATA[
@Sanity
Scenario: As a user , I can able to go back from about page to hame page # src/test/resources/Features/PageBackandForth.feature:4
..Chrome Driver initialization..
..Chrome Driver initialized..
scen.getName()
  Given Customer launch in  Home Page of the FedEx                       # fedex.StepDefinition.PageBackandForthStepDef.customer_launch_in_FedEx_Home_Page_https_www_fedex_com_en_us_home_html()
  When scroll end of the page and click on aboutFedex link               # fedex.StepDefinition.PageBackandForthStepDef.scroll_end_of_the_page_and_click_on_aboutFedex_link()
  And click on see full story button and go back                         # fedex.StepDefinition.PageBackandForthStepDef.click_on_see_full_story_button_and_go_back()
FedEx | Tracking, Shipping, and Locations
  Then user should be see home page                                      # fedex.StepDefinition.PageBackandForthStepDef.user_should_be_see_home_page()
..Test End..
..Closing Chrome Browser Starts..
..Closing Chrome Browser End..
]]></system-out>
    <system-err><![CDATA[Starting ChromeDriver 87.0.4280.88 (89e2380a3e36c3464b5dd1302349b1382549290d-refs/branch-heads/4280@{#1761}) on port 7667
Only local connections are allowed.
Please see https://chromedriver.chromium.org/security-considerations for suggestions on keeping ChromeDriver safe.
ChromeDriver was started successfully.
Jan 14, 2021 6:56:40 PM org.openqa.selenium.remote.ProtocolHandshake createSession
INFO: Detected dialect: W3C
]]></system-err>
  </testcase>
  <testcase name="runScenario[&quot;Verify Search icon&quot;, &quot;Verify Search icon&quot;](5)" classname="fedex.RunnerTest.FedExRunner$RunCucumberTest" time="14.617">
    <system-out><![CDATA[
@Sanity
Scenario: Verify Search icon  # src/test/resources/Features/SearchVerfy.feature:5
..Chrome Driver initialization..
..Chrome Driver initialized..
scen.getName()
  Given user navigate the url # fedex.StepDefinition.CreatePrintProfileStepDef.user_navigate_the_url()
  When I click on search icon # fedex.StepDefinition.SearchVerifyStepDef.i_click_on_search_icon()
  And Input tracking number   # fedex.StepDefinition.SearchVerifyStepDef.input_tracking_number()
  And press enter             # fedex.StepDefinition.SearchVerifyStepDef.press_enter()
  Then displayed error msg    # fedex.StepDefinition.SearchVerifyStepDef.displayed_error_msg()
..Test End..
..Closing Chrome Browser Starts..
..Closing Chrome Browser End..
]]></system-out>
    <system-err><![CDATA[Starting ChromeDriver 87.0.4280.88 (89e2380a3e36c3464b5dd1302349b1382549290d-refs/branch-heads/4280@{#1761}) on port 38551
Only local connections are allowed.
Please see https://chromedriver.chromium.org/security-considerations for suggestions on keeping ChromeDriver safe.
ChromeDriver was started successfully.
Jan 14, 2021 6:57:12 PM org.openqa.selenium.remote.ProtocolHandshake createSession
INFO: Detected dialect: W3C
]]></system-err>
  </testcase>
  <testcase name="runScenario[&quot;As a user I should be able to find price options for shipments.&quot;, &quot;Verify price quotes and available options for shipments&quot;](6)" classname="fedex.RunnerTest.FedExRunner$RunCucumberTest" time="41.83">
    <failure message="no such element: Unable to locate element: {&quot;method&quot;:&quot;xpath&quot;,&quot;selector&quot;:&quot;//*[@id=&quot;shippingToResidenceAddressLabel&quot;]&quot;}&#10;  (Session info: chrome=87.0.4280.141)&#10;For documentation on this error, please visit: https://www.seleniumhq.org/exceptions/no_such_element.html&#10;Build info: version: &apos;3.141.59&apos;, revision: &apos;e82be7d358&apos;, time: &apos;2018-11-14T08:17:03&apos;&#10;System info: host: &apos;AHADUJJAMAN&apos;, ip: &apos;192.168.1.206&apos;, os.name: &apos;Windows 10&apos;, os.arch: &apos;amd64&apos;, os.version: &apos;10.0&apos;, java.version: &apos;1.8.0_111&apos;&#10;Driver info: org.openqa.selenium.chrome.ChromeDriver&#10;Capabilities {acceptInsecureCerts: false, browserName: chrome, browserVersion: 87.0.4280.141, chrome: {chromedriverVersion: 87.0.4280.88 (89e2380a3e36c..., userDataDir: C:\Users\RONY\AppData\Local...}, goog:chromeOptions: {debuggerAddress: localhost:7417}, javascriptEnabled: true, networkConnectionEnabled: false, pageLoadStrategy: normal, platform: WINDOWS, platformName: WINDOWS, proxy: Proxy(), setWindowRect: true, strictFileInteractability: false, timeouts: {implicit: 0, pageLoad: 300000, script: 30000}, unhandledPromptBehavior: dismiss and notify, webauthn:virtualAuthenticators: true}&#10;Session ID: 4bb4f11053252063b790d9bb57180187&#10;*** Element info: {Using=xpath, value=//*[@id=&quot;shippingToResidenceAddressLabel&quot;]}" type="org.openqa.selenium.NoSuchElementException"><![CDATA[org.openqa.selenium.NoSuchElementException: 
no such element: Unable to locate element: {"method":"xpath","selector":"//*[@id="shippingToResidenceAddressLabel"]"}
  (Session info: chrome=87.0.4280.141)
For documentation on this error, please visit: https://www.seleniumhq.org/exceptions/no_such_element.html
Build info: version: '3.141.59', revision: 'e82be7d358', time: '2018-11-14T08:17:03'
System info: host: 'AHADUJJAMAN', ip: '192.168.1.206', os.name: 'Windows 10', os.arch: 'amd64', os.version: '10.0', java.version: '1.8.0_111'
Driver info: org.openqa.selenium.chrome.ChromeDriver
Capabilities {acceptInsecureCerts: false, browserName: chrome, browserVersion: 87.0.4280.141, chrome: {chromedriverVersion: 87.0.4280.88 (89e2380a3e36c..., userDataDir: C:\Users\RONY\AppData\Local...}, goog:chromeOptions: {debuggerAddress: localhost:7417}, javascriptEnabled: true, networkConnectionEnabled: false, pageLoadStrategy: normal, platform: WINDOWS, platformName: WINDOWS, proxy: Proxy(), setWindowRect: true, strictFileInteractability: false, timeouts: {implicit: 0, pageLoad: 300000, script: 30000}, unhandledPromptBehavior: dismiss and notify, webauthn:virtualAuthenticators: true}
Session ID: 4bb4f11053252063b790d9bb57180187
*** Element info: {Using=xpath, value=//*[@id="shippingToResidenceAddressLabel"]}
]]></failure>
    <system-out><![CDATA[
@Sanity
Scenario: As a user I should be able to find price options for shipments. # src/test/resources/Features/ShipRate.feature:4
..Chrome Driver initialization..
..Chrome Driver initialized..
scen.getName()
  Given user navigate the url                                             # fedex.StepDefinition.CreatePrintProfileStepDef.user_navigate_the_url()
  When User clicks on Rate & Ship                                         # fedex.StepDefinition.ShipRateStepDef.user_clicks_on_Rate_Ship()
  And Input from and to                                                   # fedex.StepDefinition.ShipRateStepDef.input_from_and_to()
  And click on checkbox                                                   # fedex.StepDefinition.ShipRateStepDef.click_on_checkbox()
      org.openqa.selenium.NoSuchElementException: no such element: Unable to locate element: {"method":"xpath","selector":"//*[@id="shippingToResidenceAddressLabel"]"}
  (Session info: chrome=87.0.4280.141)
For documentation on this error, please visit: https://www.seleniumhq.org/exceptions/no_such_element.html
Build info: version: '3.141.59', revision: 'e82be7d358', time: '2018-11-14T08:17:03'
System info: host: 'AHADUJJAMAN', ip: '192.168.1.206', os.name: 'Windows 10', os.arch: 'amd64', os.version: '10.0', java.version: '1.8.0_111'
Driver info: org.openqa.selenium.chrome.ChromeDriver
Capabilities {acceptInsecureCerts: false, browserName: chrome, browserVersion: 87.0.4280.141, chrome: {chromedriverVersion: 87.0.4280.88 (89e2380a3e36c..., userDataDir: C:\Users\RONY\AppData\Local...}, goog:chromeOptions: {debuggerAddress: localhost:7417}, javascriptEnabled: true, networkConnectionEnabled: false, pageLoadStrategy: normal, platform: WINDOWS, platformName: WINDOWS, proxy: Proxy(), setWindowRect: true, strictFileInteractability: false, timeouts: {implicit: 0, pageLoad: 300000, script: 30000}, unhandledPromptBehavior: dismiss and notify, webauthn:virtualAuthenticators: true}
Session ID: 4bb4f11053252063b790d9bb57180187
*** Element info: {Using=xpath, value=//*[@id="shippingToResidenceAddressLabel"]}
	at sun.reflect.NativeConstructorAccessorImpl.newInstance0(Native Method)
	at sun.reflect.NativeConstructorAccessorImpl.newInstance(NativeConstructorAccessorImpl.java:62)
	at sun.reflect.DelegatingConstructorAccessorImpl.newInstance(DelegatingConstructorAccessorImpl.java:45)
	at java.lang.reflect.Constructor.newInstance(Constructor.java:423)
	at org.openqa.selenium.remote.http.W3CHttpResponseCodec.createException(W3CHttpResponseCodec.java:187)
	at org.openqa.selenium.remote.http.W3CHttpResponseCodec.decode(W3CHttpResponseCodec.java:122)
	at org.openqa.selenium.remote.http.W3CHttpResponseCodec.decode(W3CHttpResponseCodec.java:49)
	at org.openqa.selenium.remote.HttpCommandExecutor.execute(HttpCommandExecutor.java:158)
	at org.openqa.selenium.remote.service.DriverCommandExecutor.execute(DriverCommandExecutor.java:83)
	at org.openqa.selenium.remote.RemoteWebDriver.execute(RemoteWebDriver.java:552)
	at org.openqa.selenium.remote.RemoteWebDriver.findElement(RemoteWebDriver.java:323)
	at org.openqa.selenium.remote.RemoteWebDriver.findElementByXPath(RemoteWebDriver.java:428)
	at org.openqa.selenium.By$ByXPath.findElement(By.java:353)
	at org.openqa.selenium.remote.RemoteWebDriver.findElement(RemoteWebDriver.java:315)
	at org.openqa.selenium.support.pagefactory.DefaultElementLocator.findElement(DefaultElementLocator.java:69)
	at org.openqa.selenium.support.pagefactory.internal.LocatingElementHandler.invoke(LocatingElementHandler.java:38)
	at com.sun.proxy.$Proxy21.isDisplayed(Unknown Source)
	at fedex.Actions.ShipRateActions.check(ShipRateActions.java:56)
	at fedex.StepDefinition.ShipRateStepDef.click_on_checkbox(ShipRateStepDef.java:26)
	at ?.click on checkbox(file:///E:/TALEN%20TECH/Talentec%20Works/FedExProjectFN/src/test/resources/Features/ShipRate.feature:11)

  And Selects packaging option from drop-down list.                       # fedex.StepDefinition.ShipRateStepDef.selects_packaging_option_from_drop_down_list()
  And Selects number of pkg , lb                                          # fedex.StepDefinition.ShipRateStepDef.selects_number_of_pkg_lb()
  And Inserts length weight height per packagee                           # fedex.StepDefinition.ShipRateStepDef.inserts_length_weight_height_per_packagee()
  And Selects ship-date from drop-down list                               # fedex.StepDefinition.ShipRateStepDef.selects_ship_date_from_drop_down_list()
  And Click Show Rates                                                    # fedex.StepDefinition.ShipRateStepDef.click_Show_Rates()
  Then FedEx Retails rates shows                                          # fedex.StepDefinition.ShipRateStepDef.fedex_Retails_rates_shows()
..Test End..

    Embedding As_a_user_I_should_be_able_to_find_price_options_for_shipments. [image/png 286195 bytes]

..Closing Chrome Browser Starts..
..Closing Chrome Browser End..
]]></system-out>
    <system-err><![CDATA[Starting ChromeDriver 87.0.4280.88 (89e2380a3e36c3464b5dd1302349b1382549290d-refs/branch-heads/4280@{#1761}) on port 44272
Only local connections are allowed.
Please see https://chromedriver.chromium.org/security-considerations for suggestions on keeping ChromeDriver safe.
ChromeDriver was started successfully.
Jan 14, 2021 6:57:27 PM org.openqa.selenium.remote.ProtocolHandshake createSession
INFO: Detected dialect: W3C
]]></system-err>
  </testcase>
  <testcase name="runScenario[&quot;Verify FedEx signup Page&quot;, &quot;FedEx signup Page test&quot;](7)" classname="fedex.RunnerTest.FedExRunner$RunCucumberTest" time="27.385">
    <system-out><![CDATA[
@Sanity
Scenario: Verify FedEx signup Page                        # src/test/resources/Features/SignUP.feature:4
..Chrome Driver initialization..
..Chrome Driver initialized..
scen.getName()
FedEx | Tracking, Shipping, and Locations
  Given Customer launch in Home Page of the FedEx Website # fedex.StepDefinition.SignUpStepDef.customer_launch_in_Home_Page_of_the_FedEx()
  When Customer click on Sign Up                          # fedex.StepDefinition.SignUpStepDef.customer_click_on_Sign_Up()
  And click on Create Account                             # fedex.StepDefinition.SignUpStepDef.click_on_Create_Account()
  And Click on Open Account                               # fedex.StepDefinition.SignUpStepDef.click_on_Open_Account()
fedex.com Registration
  And enter First Name and Last Name                      # fedex.StepDefinition.SignUpStepDef.enter_First_Name_and_Last_Name()
  And enter E-mail Name and Re- enter e-mail              # fedex.StepDefinition.SignUpStepDef.enter_E_mail_Name_and_Re_enter_e_mail()
  And enter Address and City                              # fedex.StepDefinition.SignUpStepDef.enter_Address_and_City()
  And enter State                                         # fedex.StepDefinition.SignUpStepDef.enter_State()
  And enter ZIP and Phone Number                          # fedex.StepDefinition.SignUpStepDef.enter_ZIP_and_Phone_Number()
  And enter Address and City                              # fedex.StepDefinition.SignUpStepDef.enter_Address_and_City()
  And enter Valid User ID, Password and Re-enter Password # fedex.StepDefinition.SignUpStepDef.enter_Valid_User_ID_Password_and_Re_enter_Password()
  And Customer select a secret question and enter  answer # fedex.StepDefinition.SignUpStepDef.customer_select_a_secret_question_and_enter_answer()
  And Customer accept terms and conditions                # fedex.StepDefinition.SignUpStepDef.customer_accept_terms_and_conditions()
  And Customer clik on continue button                    # fedex.StepDefinition.SignUpStepDef.Customer_clik_on_continue_button()
fedex.com Registration
  Then User can see the accont information page           # fedex.StepDefinition.SignUpStepDef.user_can_see_the_accont_information_page()
..Test End..
..Closing Chrome Browser Starts..
..Closing Chrome Browser End..
]]></system-out>
    <system-err><![CDATA[Starting ChromeDriver 87.0.4280.88 (89e2380a3e36c3464b5dd1302349b1382549290d-refs/branch-heads/4280@{#1761}) on port 40296
Only local connections are allowed.
Please see https://chromedriver.chromium.org/security-considerations for suggestions on keeping ChromeDriver safe.
ChromeDriver was started successfully.
Jan 14, 2021 6:58:10 PM org.openqa.selenium.remote.ProtocolHandshake createSession
INFO: Detected dialect: W3C
]]></system-err>
  </testcase>
</testsuite>